Content-Type: text/plain; charset="utf-8"
MIME-Version: 1.0
Content-Transfer-Encoding: 8bit
Subject: 
 =?utf-8?b?0KHQsdGA0L7RgSDQv9Cw0YDQvtC70Y8g0L3QsCAxMjcuMC4wLjE6ODAwMA==?=
From: webmaster@localhost
To: bim090197@gmail.com
Date: Tue, 02 Jun 2020 13:13:56 -0000
Message-ID: <159110363687.10982.16851247083010953010@bim>


Вы получили это письмо, потому что вы (или кто-то другой) запросили восстановление пароля от учётной записи на сайте 127.0.0.1:8000, которая связана с этим адресом электронной почты.

Пожалуйста, перейдите на эту страницу и введите новый пароль:

http://127.0.0.1:8000/auth/reset/NQ/5h0-ae4305350048e3a06133/

Ваше имя пользователя (на случай, если вы его забыли): qwe

Спасибо, что используете наш сайт!

Команда сайта 127.0.0.1:8000



-------------------------------------------------------------------------------
Content-Type: text/plain; charset="utf-8"
MIME-Version: 1.0
Content-Transfer-Encoding: 8bit
Subject: 
 =?utf-8?b?0KHQsdGA0L7RgSDQv9Cw0YDQvtC70Y8g0L3QsCAxMjcuMC4wLjE6ODAwMA==?=
From: webmaster@localhost
To: bim090197@gmail.com
Date: Tue, 02 Jun 2020 13:13:56 -0000
Message-ID: <159110363688.10982.11783837889167251927@bim>


Вы получили это письмо, потому что вы (или кто-то другой) запросили восстановление пароля от учётной записи на сайте 127.0.0.1:8000, которая связана с этим адресом электронной почты.

Пожалуйста, перейдите на эту страницу и введите новый пароль:

http://127.0.0.1:8000/auth/reset/Nw/5h0-4d61ddf2dd0c3fc619cd/

Ваше имя пользователя (на случай, если вы его забыли): zx

Спасибо, что используете наш сайт!

Команда сайта 127.0.0.1:8000



-------------------------------------------------------------------------------
